{"meta": {"version": "6.2", "timestamp": "2022-01-11T00:32:14.624465", "branch_coverage": false, "show_contexts": false}, "files": {"test_endpoints.py": {"executed_lines": [1, 3, 6, 7, 10, 11, 12, 14, 15, 16, 18, 19, 21, 23, 24, 26, 28, 29, 31, 33, 34, 36], "summary": {"covered_lines": 22, "num_statements": 23, "percent_covered": 95.65217391304348, "percent_covered_display": "96", "missing_lines": 1, "excluded_lines": 0}, "missing_lines": [8], "excluded_lines": []}, "test_flowlayer.py": {"executed_lines": [1, 3, 5, 7, 9, 19, 20, 23, 24, 25, 26, 27, 29, 31, 32, 33, 34, 35, 37, 39, 40, 41, 42, 43, 45, 47, 48, 49, 50, 51, 53, 55, 56, 57, 58, 59, 61], "summary": {"covered_lines": 37, "num_statements": 38, "percent_covered": 97.36842105263158, "percent_covered_display": "97", "missing_lines": 1, "excluded_lines": 0}, "missing_lines": [21], "excluded_lines": []}, "test_flownode.py": {"executed_lines": [1, 3, 5, 7, 9, 19, 20, 23, 24, 25, 27, 29, 30, 31, 33, 35, 36, 37, 39, 46, 47, 48, 50, 57, 58, 59, 61], "summary": {"covered_lines": 27, "num_statements": 28, "percent_covered": 96.42857142857143, "percent_covered_display": "96", "missing_lines": 1, "excluded_lines": 0}, "missing_lines": [21], "excluded_lines": []}}, "totals": {"covered_lines": 86, "num_statements": 89, "percent_covered": 96.62921348314607, "percent_covered_display": "97", "missing_lines": 3, "excluded_lines": 0}}